

        **********************************************************
        ** PROGRAM FullProf.2k (Version 6.20 - Jan2018-ILL JRC) **
        **********************************************************
                       M U L T I -- P A T T E R N                 
            Rietveld, Profile Matching & Integrated Intensity     
                 Refinement of X-ray and/or Neutron Data


    Date: 22/10/2019  Time: 21:11:43.223                              

 => PCR file code: pbso4
 => DAT file code: pbso4.dat            -> Relative contribution: 1.0000                                                            

 ==> CONDITIONS OF THIS RUN FOR PATTERN No.:  1

 => Global Refinement of neutron powder data                                                                                        
 => Title: PbSO4 D1A(ILL),Rietveld Round Robin, R.J. Hill,JApC 25,589(1992)

 => Number of phases:    1
 => Number of excluded regions:    2
 => Number of scattering factors supplied:    0
 => Conventional weights: w=1.0/Variance(yobs)
 => Asymmetry correction as in J.Appl.Cryst. 26,128(1993)
 => Background refined by polynomial function
 => The    7th default profile function was selected
 => T-C-H Pseudo-Voigt function 
    This function is convoluted with asymmetry due to axial 
    divergence as formulated by: 
    van Laar and Yelon, J. Appl. Cryst. 17, 47(1984).
    and using the method of:
    Finger, Cox and Jephcoat, J. Appl. Cryst. 27, 892 (1994).
    Fortran 90 module adapted from function PROFVAL (in F77) : 
    L.W. Finger, J. Appl. Cryst. 31, 111 (1998).


 ==> INPUT/OUTPUT OPTIONS:

 => Generate file *.PRF for plot
 => Output Integrated Intensities
 => Generate new input file *.PCR

 => Data in D1A,D2B format as prepared by D1A(D2B)SUM for pattern:  1
 => Plot pattern at each cycle
 => Wavelengths:  1.91200 1.91200
 => Alpha2/Alpha1 ratio:   1.0000
 => Cos(Monochromator angle)=   0.0000
 => Asymmetry correction for angles lower than  160.000 degrees
 => Absorption correction (AC), muR-eff =   0.0000  0.0000
 => Base of peaks: 2.0*HW*    6.00

 => Number of cycles:   15
 => Relaxation factors ==>    for coordinates:  1.00
 => for anisotropic temperature factors:  1.00
 => for halfwidth/strain/size parameters:  1.00
 => for lattice constants and propagation vectors:  1.00
 => EPS-value for convergence:    0.1

 => Excluded regions for Pattern#  1
    From     to
      0.0000     10.0000
    154.0000    180.0000

 => Number of Least-Squares parameters varied:    34

 =>--------------------------->
 =>------->  PATTERN number:  1
 =>--------------------------->
 => Global parameters and codes ==>
 => Zero-point:    -0.0880   81.0000
 => Background parameters and codes ==>
 => Origin of polynomial at 2theta/TOF/E(KeV):   70.000  
  207.88      40.375      44.006     -20.723     -39.297      7.3740    
       21.00       31.00       41.00       51.00       61.00       71.00
 => Perpendicular Displacement parameter and code:     0.00    0.00
 => Parallel      Displacement parameter and code:     0.00    0.00

 => Reading Intensity data  =>>

 -> Heading of input data:

   ->   Title:  PbSO4 D1A(ILL)(Rietveld Refinement Round Robin, R.J. Hill, JApC 25, 589 (1992)                                                     

   ->    Step:  0.050
   ->   Thmin:   10.000
   -> Monitors:   10000.  10000.
 ==> Angular range, step and number of points:
     2Thmin:      10.000000  2Thmax:     155.449997  Step:       0.050000  No. of points:   2910
 --------------------------------------------------------------------------------
 => Phase  No. 1
       PbSO4                       VARY xyz b          BKG blue             
 --------------------------------------------------------------------------------
 =>-------> Pattern#  1
 => Crystal Structure Refinement
 => Preferred orientation vector:   0.0000  0.0000  1.0000

 =>-------> Data for PHASE: 1
 => Number of atoms:    5
 => Number of distance  constraints:    0
 => Number of angle     constraints:    0

 => Symmetry information on space group: P n m a             
 -> The multiplicity of the general position is:   8
 -> The space group is Centric (-1 at origin)   
 -> Lattice type  P: { 000 }                                       
 -> Reduced set of symmetry operators:

  No.  IT   Symmetry symbol    Rotation part     Associated Translation
   1: ( 1)   1            -->     ( x, y, z) + {  0.0000  0.0000  0.0000}
   2: ( 4)   2 ( x, 0, 0) -->     ( x,-y,-z) + {  0.5000  0.5000  0.5000}
   3: ( 3)   2 ( 0, y, 0) -->     (-x, y,-z) + {  0.0000  0.5000  0.0000}
   4: ( 2)   2 ( 0, 0, z) -->     (-x,-y, z) + {  0.5000  0.0000  0.5000}


        Information on Space Group: 
        --------------------------- 

 =>   Number of Space group:  62
 =>  Hermann-Mauguin Symbol: P n m a
 =>             Hall Symbol: -P 2ac 2n
 =>            Setting Type: IT (Generated from Hermann-Mauguin symbol)
 =>          Crystal System: Orthorhombic
 =>              Laue Class: mmm
 =>             Point Group: mmm
 =>         Bravais Lattice: P
 =>          Lattice Symbol: oP
 =>  Reduced Number of S.O.:   4
 =>    General multiplicity:   8
 =>          Centrosymmetry: Centric (-1 at origin)
 =>  Generators (exc. -1&L):   2
 =>         Asymmetric unit:  0.000 <= x <=  0.500
                              0.000 <= y <=  0.250
                              0.000 <= z <=  1.000

 => List of S.O. without inversion and lattice centring translations
 => SYMM(  1): x,y,z                               => SYMM(  2): x+1/2,-y+1/2,-z+1/2
 => SYMM(  3): -x,y+1/2,-z                         => SYMM(  4): -x+1/2,-y,z+1/2


 => Initial parameters ==>
 Atom    Ntyp                  X         Y         Z         B         occ.         in  fin  Spc  Mult
                             B11       B22       B33       B12       B13       B23
 Pb     PB                 0.18749   0.25000   0.16719   1.41639   0.50000           0    0    1    4
                 Codes:  171.00000   0.00000 181.00000 281.00000   0.00000
 S      S                  0.06541   0.25000   0.68340   0.42014   0.50000           0    0    2    4
                 Codes:  191.00000   0.00000 201.00000 321.00000   0.00000
 O1     O                  0.90767   0.25000   0.59529   1.98760   0.50000           0    0    3    4
                 Codes:  211.00000   0.00000 221.00000 311.00000   0.00000
 O2     O                  0.19376   0.25000   0.54321   1.47133   0.50000           0    0    3    4
                 Codes:  231.00000   0.00000 241.00000 301.00000   0.00000
 O3     O                  0.08103   0.02708   0.80905   1.32169   1.00000           0    0    3    8
                 Codes:  251.00000 261.00000 271.00000 291.00000   0.00000

 => IT IS ASSUMED THAT THE FIRST GIVEN SITE IS FULLY OCCUPIED 
    OR THE FIRST AND SECOND ATOMS ARE IN THE SAME SITE WITH TOTAL FULL OCCUPATION
  (If this is not the case, change the order of atoms to obtain correct values for the content of the unit cell)
    The given occupation factors have been obtained mutiplying m/M by   1.0000
      -> Atom: PB  ,  Chemical element: PB  Atomic Mass:   207.2000
      -> Atom: S   ,  Chemical element: S   Atomic Mass:    32.0600
      -> Atom: O   ,  Chemical element: O   Atomic Mass:    15.9994
      -> Atom: O   ,  Chemical element: O   Atomic Mass:    15.9994
      -> Atom: O   ,  Chemical element: O   Atomic Mass:    15.9994
 => The given value of ATZ is       1213.03 the program has calculated:        1213.03
    The value of ATZ given in the input PCR file will be used for quantitative analysis
 => The chemical content of the unit cell is: 
       4.0000 PB   +   4.0000 S    +   4.0000 O    +   4.0000 O    +   8.0000 O      
 => The normalized site occupation numbers in % are: 
     100.0000 Pb     :      100.0000 S      :      100.0000 O1     :      100.0000 O2     :      100.0000 O3       
 => The density (volumic mass) of the compound is:    6.326 g/cm3

 =>-------> PROFILE PARAMETERS FOR PATTERN:  1

 => Overall scale factor:    1.48080    
 => ETA (p-Voigt) OR M (Pearson VII):   0.0000
 => Overall temperature factor:      0.00000
 => Halfwidth U,V,W:      0.15569    -0.45595     0.41913
 => X and Y parameters:       0.0000      0.0917
 => Direct cell parameters:    8.4788   5.3967   6.9584  90.0000  90.0000  90.0000
 => Preferred orientation parameters:   0.0000  0.0000
 => Asymmetry parameters     :      0.37414     0.03717    -0.32873     0.00000
 => Strain parameters        :      0.00000     0.00000     0.00000
 => Size   parameters        :      0.00000     0.00000
 => Further shape parameters (S_L and D_L):   0.00000   0.00000
    S_L is source width/detector distance
    D_L is detector width/detector distance

 ==> CODEWORDS FOR PROFILE PARAMETERS of PATTERN#  1

 => Overall scale factor:   11.000
 => ETA (p-Voigt) OR M (Pearson VII):    0.000
 => Overall temperature factor:    0.000
 => Halfwidth U,V,W:  121.000 131.000 141.000
 => X and Y parameters:    0.000 151.000
 => Direct cell parameters:   91.000 101.000 111.000   0.000   0.000   0.000
 => Preferred orientation parameters:    0.000   0.000
 => Asymmetry parameters     :  161.000 331.000 341.000   0.000
 => Strain parameters        :    0.000   0.000   0.000
 => Size   parameters        :    0.000   0.000

 => Cell constraints according to Laue symmetry: mmm  

        Metric information:
        -------------------

 => Direct cell parameters:

         a =       8.4788      b =       5.3967      c =       6.9584
     alpha =       90.000   beta =       90.000  gamma =       90.000
                        Direct Cell Volume =     318.4021

 => Reciprocal cell parameters:

         a*=     0.117941      b*=     0.185298      c*=     0.143711
     alpha*=       90.000   beta*=       90.000  gamma*=       90.000
                    Reciprocal Cell Volume =   0.00314068

 => Direct and Reciprocal Metric Tensors:

                   GD                                       GR
     71.8907      0.0000      0.0000          0.013910    0.000000    0.000000
      0.0000     29.1246      0.0000          0.000000    0.034335    0.000000
      0.0000      0.0000     48.4193          0.000000    0.000000    0.020653

 =>  Cartesian frame: x // a; y is in the ab-plane; z is x ^ y   

     Crystal_to_Orthonormal_Matrix              Orthonormal_to_Crystal Matrix
              Cr_Orth_cel                               Orth_Cr_cel  
      8.4788      0.0000      0.0000          0.117941   -0.000000   -0.000000
      0.0000      5.3967      0.0000          0.000000    0.185298   -0.000000
      0.0000      0.0000      6.9584          0.000000    0.000000    0.143711

     Busing-Levy B-matrix: Hc=B.H            Inverse of the Busing-Levy B-matrix
                BL_M                                      BL_Minv  
    0.117941    0.000000    0.000000            8.4788     -0.0000     -0.0000
    0.000000    0.185298   -0.000000            0.0000      5.3967      0.0000
    0.000000    0.000000    0.143711            0.0000      0.0000      6.9584

 => Laue symmetry mmm   will be used to generate HKL for pattern#   1
 => Reflections generated between S(1/d)min:  0.0912 A-1 and S(1/d)max:  1.0354 A-1
 =>                                    dmax: 10.9689 A   and      dmin:  0.9658 A
 => The number of reflections generated is:    211
 => The max. scatt. variable (gen.ref.) is:       163.6564
 => Scattering coefficients from internal table

 => Scattering lengths:

 PB     0.9405
 S      0.2847
 O      0.5803

     --------------------------------------------------------------
      SYMBOLIC NAMES AND INITIAL VALUES OF PARAMETERS TO BE VARIED:
     --------------------------------------------------------------

      ->  Parameter number    1   -> Symbolic Name:       Scale_ph1_pat1     1.4808000    
      ->  Parameter number    2   -> Symbolic Name:           Bck_0_pat1     207.88100    
      ->  Parameter number    3   -> Symbolic Name:           Bck_1_pat1     40.375000    
      ->  Parameter number    4   -> Symbolic Name:           Bck_2_pat1     44.006001    
      ->  Parameter number    5   -> Symbolic Name:           Bck_3_pat1    -20.723000    
      ->  Parameter number    6   -> Symbolic Name:           Bck_4_pat1    -39.297001    
      ->  Parameter number    7   -> Symbolic Name:           Bck_5_pat1     7.3740001    
      ->  Parameter number    8   -> Symbolic Name:            Zero_pat1   -0.87959997E-01
      ->  Parameter number    9   -> Symbolic Name:      Cell_A_ph1_pat1     8.4788399    
      ->  Parameter number   10   -> Symbolic Name:      Cell_B_ph1_pat1     5.3967242    
      ->  Parameter number   11   -> Symbolic Name:      Cell_C_ph1_pat1     6.9583979    
      ->  Parameter number   12   -> Symbolic Name:      U-Cagl_ph1_pat1    0.15568601    
      ->  Parameter number   13   -> Symbolic Name:      V-Cagl_ph1_pat1   -0.45594600    
      ->  Parameter number   14   -> Symbolic Name:      W-Cagl_ph1_pat1    0.41913000    
      ->  Parameter number   15   -> Symbolic Name:       Y-cos_ph1_pat1    0.91739997E-01
      ->  Parameter number   16   -> Symbolic Name:       Asym1_ph1_pat1    0.37413999    
      ->  Parameter number   17   -> Symbolic Name:             X_Pb_ph1    0.18749000    
      ->  Parameter number   18   -> Symbolic Name:             Z_Pb_ph1    0.16719000    
      ->  Parameter number   19   -> Symbolic Name:              X_S_ph1    0.65410003E-01
      ->  Parameter number   20   -> Symbolic Name:              Z_S_ph1    0.68339998    
      ->  Parameter number   21   -> Symbolic Name:             X_O1_ph1    0.90767002    
      ->  Parameter number   22   -> Symbolic Name:             Z_O1_ph1    0.59529001    
      ->  Parameter number   23   -> Symbolic Name:             X_O2_ph1    0.19375999    
      ->  Parameter number   24   -> Symbolic Name:             Z_O2_ph1    0.54321003    
      ->  Parameter number   25   -> Symbolic Name:             X_O3_ph1    0.81029996E-01
      ->  Parameter number   26   -> Symbolic Name:             Y_O3_ph1    0.27079999E-01
      ->  Parameter number   27   -> Symbolic Name:             Z_O3_ph1    0.80905002    
      ->  Parameter number   28   -> Symbolic Name:          Biso_Pb_ph1     1.4163899    
      ->  Parameter number   29   -> Symbolic Name:          Biso_O3_ph1     1.3216900    
      ->  Parameter number   30   -> Symbolic Name:          Biso_O2_ph1     1.4713300    
      ->  Parameter number   31   -> Symbolic Name:          Biso_O1_ph1     1.9876000    
      ->  Parameter number   32   -> Symbolic Name:           Biso_S_ph1    0.42014000    
      ->  Parameter number   33   -> Symbolic Name:       Asym2_ph1_pat1    0.37170000E-01
      ->  Parameter number   34   -> Symbolic Name:       Asym3_ph1_pat1   -0.32872999    
  
 
 => Optimizations for routine tasks applied:
 => Calculation mode for patter#:   1  CM_PSEUDO_VOIGT
 


   Standard deviations have to be multiplied by: 2.9629
   (correlated residuals) See references:
  -J.F.Berar & P.Lelann, J. Appl. Cryst. 24, 1-5 (1991) 
  -J.F.Berar, Acc. in Pow. Diff. II,NIST Sp.Pub. 846, 63(1992) 

 ++++++++++++++++++++++++++++++++++++++++++++++++++++++++++++++++++++++++++++++++++++++++++++++++++++++++++++++++++++++++

 => CYCLE No.:    1
 =>  Convergence reached at this CYCLE !!!!
 =>  Parameter shifts set to zero
 ---------------------------------------------------------------------------------------
 => Phase  1 Name:  PbSO4                       VARY xyz b          BKG blue             
 ---------------------------------------------------------------------------------------
 => New parameters, shifts, and standard deviations

 Atom        x       dx      sx       y       dy      sy       z       dz      sz       B       dB      sB      occ.    docc.   socc.

 Pb       0.18749 0.00000 0.00010  0.25000 0.00000 0.00000  0.16719 0.00000 0.00016  1.41625 0.00000 0.02466  0.50000 0.00000 0.00000
 S        0.06541 0.00000 0.00030  0.25000 0.00000 0.00000  0.68340 0.00000 0.00040  0.41995 0.00000 0.04431  0.50000 0.00000 0.00000
 O1       0.90767 0.00000 0.00020  0.25000 0.00000 0.00000  0.59529 0.00000 0.00021  1.98744 0.00000 0.03521  0.50000 0.00000 0.00000
 O2       0.19376 0.00000 0.00020  0.25000 0.00000 0.00000  0.54321 0.00000 0.00025  1.47123 0.00000 0.03327  0.50000 0.00000 0.00000
 O3       0.08103 0.00000 0.00012  0.02708 0.00000 0.00016  0.80905 0.00000 0.00015  1.32148 0.00000 0.02448  1.00000 0.00000 0.00000

 ==> PROFILE PARAMETERS FOR PATTERN#  1

 => Overall scale factor:      1.480734229     0.000000000     0.005267696
 => Eta(p-Voigt) or m(Pearson VII):   0.000000  0.000000  0.000000
 => Overall tem. factor:     0.000000    0.000000    0.000000
 => Halfwidth parameters: 
         0.155621    0.000000    0.003372
        -0.455924    0.000000    0.007447
         0.419110    0.000000    0.004533
 => Cell parameters: 
        8.478844    0.000000    0.000150
        5.396727    0.000000    0.000099
        6.958402    0.000000    0.000129
       90.000000    0.000000    0.000000
       90.000000    0.000000    0.000000
       90.000000    0.000000    0.000000
 => Preferred orientation: 
         0.000000    0.000000    0.000000
         0.000000    0.000000    0.000000
 => Asymmetry parameters: 
         0.373925    0.000000    0.019136
         0.037168    0.000000    0.002426
        -0.328210    0.000000    0.040068
         0.000000    0.000000    0.000000
 => X and Y parameters: 
         0.000000    0.000000    0.000000
         0.091739    0.000000    0.002161
 => Strain parameters: 
         0.000000    0.000000    0.000000
         0.000000    0.000000    0.000000
         0.000000    0.000000    0.000000
 => Size   parameters (G,L): 
         0.000000    0.000000    0.000000
         0.000000    0.000000    0.000000
 => Further shape parameters (S_L and D_L): 
       0.000000  0.000000  0.000000
       0.000000  0.000000  0.000000

 ==> GLOBAL PARAMETERS FOR PATTERN#  1


 => Zero-point:    -0.0880    0.0000    0.0033
 => Background Polynomial Parameters ==>
       207.88      0.0000     0.54726    
       40.365      0.0000      1.9059    
       44.014      0.0000      4.3516    
      -20.712      0.0000      7.0423    
      -39.305      0.0000      7.1162    
       7.3526      0.0000      7.6889    

 => Cos(2theta)-shift parameter :   0.0000  0.0000  0.0000
 => Sin(2theta)-shift parameter :   0.0000  0.0000  0.0000

 ==> RELIABILITY FACTORS WITH ALL NON-EXCLUDED POINTS FOR PATTERN:  1

 => R-Factors:   3.23      3.86     Chi2:  4.01     DW-Stat.:  0.3518   Patt#:  1
 => Expected :            1.93                                1.9081
 => Deviance : 0.196E+04     Dev*:  0.6890    
 => GoF-index:  2.0         Sqrt(Residual/N)
 => N-P+C:  2846

 =>    SumYdif       SumYobs      SumYcal      SumwYobsSQ     Residual    Condition
     0.3507E+05    0.1086E+07    0.1084E+07    0.7634E+07    0.1140E+05    0.1840E+17


 => Conventional Rietveld Rp,Rwp,Re and Chi2:   7.66      7.22      3.60      4.007    
 => (Values obtained using Ynet, but true sigma(y))
 =>  SumYnet, Sum(w Ynet**2):     0.4578E+06    0.2190E+07

 => N-sigma of the GoF:      113.424

 ==> RELIABILITY FACTORS FOR POINTS WITH BRAGG CONTRIBUTIONS FOR PATTERN:  1

 => R-Factors:   3.18      3.85     Chi2:  4.14     DW-Stat.:  0.3568   Patt#:
 => Expected :            1.89                                1.9065
 => Deviance : 0.183E+04     Dev*:  0.6754    
 => GoF-index:  2.0         Sqrt(Residual/N)
 => N-P+C:  2714

 =>    SumYdif       SumYobs      SumYcal      SumwYobsSQ     Residual    Condition
     0.3370E+05    0.1059E+07    0.1058E+07    0.7589E+07    0.1125E+05    0.1840E+17


 => Conventional Rietveld Rp,Rwp,Re and Chi2:   7.38      7.17      3.52      4.144    
 => (Values obtained using Ynet, but true sigma(y))
 =>  SumYnet, Sum(w Ynet**2):     0.4569E+06    0.2190E+07

 => N-sigma of the GoF:      115.805

 => Global user-weigthed Chi2 (Bragg contrib.):   4.20    

 --------------------------------------------------------------------------------------------------------------
 Pattern#  1 Phase No.:   1 Phase name:  PbSO4                       V
 --------------------------------------------------------------------------------------------------------------

   No.  Code     H   K   L  Mult     Hw         2theta      Icalc       Iobs      Sigma      HwG     HwL       ETA       d-hkl        CORR

      1   1      1   0   1     4  0.634867      20.475       34.3       22.4      9.087  0.584689  0.093224  0.190651  5.378916     64.338913
      2   1      0   1   1     4  0.618586      25.909       11.4        1.8      2.648  0.567878  0.094136  0.197222  4.264475     40.835892
      3   1      2   0   0     2  0.618119      26.065        2.2        0.2      0.545  0.567394  0.094165  0.197422  4.239420     20.185057
      4   1      1   1   1     8  0.609107      29.066       35.6       29.5      5.456  0.558030  0.094772  0.201410  3.809749     65.623558
      5   1      2   0   1     4  0.604425      30.622       78.0       67.7      9.015  0.553148  0.095116  0.203583  3.620411     29.738888
      6   1      0   0   2     2  0.600581      31.897      205.7      205.0      2.135  0.549132  0.095413  0.205419  3.479199     13.774940
      7   1      2   1   0     4  0.596262      33.328      449.2      447.1      3.298  0.544610  0.095762  0.207541  3.333793     25.387783
      8   1      1   0   2     4  0.592549      34.556      101.4       97.6      3.944  0.540715  0.096075  0.209416  3.218752     23.743412
      9   1      2   1   1     8  0.584894      37.081      677.3      662.7     14.508  0.532660  0.096762  0.213433  3.006542     41.727730
     10   1      1   1   2     8  0.574582      40.464      674.6      645.3     27.763  0.521759  0.097773  0.219178  2.764405     35.645634
     11   1      0   2   0     2  0.571413      41.500      299.2      275.4     21.708  0.518397  0.098103  0.221024  2.698362      8.519418
     12   1      2   0   2     4  0.570973      41.644      106.0       97.4      7.802  0.517929  0.098150  0.221284  2.689458     16.934633
     13   1      3   0   1     4  0.567344      42.826        4.3        3.3      0.876  0.514071  0.098542  0.223453  2.618529     16.117300
     14   1      1   2   1     8  0.555384      46.703      428.6      424.6      4.510  0.501300  0.099925  0.230976  2.411889     27.731495
     15   1      2   1   2     8  0.555080      46.801      128.3      125.7      2.592  0.500974  0.099962  0.231176  2.407111     27.631954
     16   1      3   1   1     8  0.551724      47.882      143.2      151.0      8.242  0.497375  0.100376  0.233399  2.355857     26.577459
     17   1      2   2   0     4  0.546172      49.665      400.5      401.9      2.324  0.491404  0.101087  0.237186  2.276371     12.494953
     18   1      1   0   3     4  0.543271      50.594      268.4      278.4     10.281  0.488276  0.101470  0.239220  2.237264     12.115158
     19   1      3   0   2     4  0.539893      51.672      568.2      601.7     35.097  0.484628  0.101928  0.241637  2.193691     11.700397
     20   1      2   2   1     8  0.537461      52.446      950.0      968.1     18.366  0.481996  0.102265  0.243410  2.163541     22.837225
     21   1      0   2   2     4  0.534849      53.276      154.9      161.0      6.276  0.479165  0.102634  0.245346  2.132237     11.130589
     22   1      0   1   3     4  0.534743      53.310      141.5      146.7      5.336  0.479050  0.102649  0.245426  2.130983     11.119143
     23   1      4   0   0     2  0.533778      53.616       77.4       77.8      0.676  0.478003  0.102787  0.246150  2.119710      5.508311
     24   1      1   2   2     8  0.529177      55.073      597.5      608.8     11.386  0.473001  0.103460  0.249665  2.067853     21.105680
     25   1      1   1   3     8  0.529072      55.106      686.2      697.5     11.428  0.472887  0.103476  0.249747  2.066709     21.085505
     26   1      2   0   3     4  0.526097      56.045      107.5      108.8      1.324  0.469646  0.103924  0.252078  2.034824     10.264172
     27   1      3   1   2     8  0.525849      56.123      427.8      432.9      5.197  0.469375  0.103962  0.252275  2.032214     20.483185
     28   1      4   0   1     4  0.525419      56.259      566.1      569.5      3.623  0.468905  0.104027  0.252616  2.027714     10.202726
     29   1      4   1   0     4  0.519991      57.966      394.3      436.7     46.407  0.462971  0.104874  0.257008  1.972977      9.737931
     30   1      2   2   2     8  0.512696      60.248       38.0       49.6     14.927  0.454961  0.106065  0.263161  1.904874     18.360708
     31   1      2   1   3     8  0.512595      60.279       17.0       22.0      6.378  0.454851  0.106082  0.263248  1.903980     18.346369
     32   1      4   1   1     8  0.511940      60.483       30.0       38.1     10.163  0.454129  0.106192  0.263816  1.898151     18.253155
     33   1      3   2   1     8  0.509770      61.159        1.8        4.1      5.137  0.451737  0.106560  0.265713  1.879169     17.951954
     34   1      4   0   2     4  0.501402      63.757       18.5       17.8      0.956  0.442476  0.108035  0.273290  1.810206      8.444510
     35   1      3   0   3     4  0.499183      64.443      241.6      251.0      9.818  0.440010  0.108441  0.275371  1.792972      8.315612
     36   1      0   3   1     4  0.492241      66.584       52.7       50.2      2.448  0.432269  0.109752  0.282085  1.741648      7.941250
     37   1      0   0   4     2  0.491953      66.673       20.3       19.3      0.988  0.431947  0.109808  0.282370  1.739599      3.963303
     38   1      1   2   3     8  0.489484      67.432      157.0      149.5      7.119  0.429181  0.110291  0.284841  1.722278     15.607480
     39   1      4   1   2     8  0.488606      67.702       70.6       68.9      1.710  0.428197  0.110465  0.285728  1.716231     15.522499
     40   1      1   3   1     8  0.487108      68.162        0.0        0.0      0.002  0.426515  0.110764  0.287257  1.706028     15.380054
     41   1      1   0   4     4  0.486823      68.250        0.2        0.2      0.025  0.426195  0.110822  0.287550  1.704103      7.676649
     42   1      3   2   2     8  0.486534      68.338        0.0        0.0      0.000  0.425871  0.110880  0.287846  1.702162     15.326375
     43   1      3   1   3     8  0.486439      68.368       79.3       67.9      9.667  0.425764  0.110899  0.287944  1.701523     15.317530
     44   1      4   2   0     4  0.481143      69.992        4.7        3.4      1.071  0.419796  0.111989  0.293501  1.666896      7.422432
     45   1      2   3   0     4  0.479416      70.521       10.1        8.1      1.803  0.417843  0.112353  0.295357  1.655990      7.349467
     46   1      5   0   1     4  0.478059      70.937        0.2        0.1      0.069  0.416307  0.112643  0.296832  1.647550      7.293487
     47   1      1   1   4     8  0.474348      72.073        1.0        1.0      0.080  0.412095  0.113450  0.300938  1.625014     14.292315
     48   1      2   2   3     8  0.474288      72.091        4.4        4.5      0.336  0.412028  0.113463  0.301004  1.624659     14.287734
     49   1      4   2   1     8  0.473679      72.278        9.9        9.8      0.422  0.411334  0.113598  0.301689  1.621034     14.240932
     50   1      2   3   1     8  0.471973      72.800       62.1       55.6      5.796  0.409391  0.113978  0.303623  1.610998     14.112254
     51   1      2   0   4     4  0.471694      72.885        0.0        0.0      0.001  0.409074  0.114040  0.303940  1.609376      7.045792
     52   1      5   1   1     8  0.465762      74.702        0.3        0.3      0.028  0.402288  0.115406  0.310866  1.575755     13.670655
     53   1      1   3   2     8  0.464771      75.005      461.2      442.7     17.516  0.401149  0.115640  0.312054  1.570305     13.603828
     54   1      4   0   3     4  0.463746      75.319      223.1      227.2      4.213  0.399971  0.115884  0.313290  1.564724      6.767911
     55   1      2   1   4     8  0.459528      76.613        9.9        8.9      1.029  0.395106  0.116910  0.318481  1.542259     13.266386
     56   1      5   0   2     4  0.456054      77.681       59.2       54.3      4.500  0.391080  0.117782  0.322883  1.524345      6.528327
     57   1      4   2   2     8  0.451839      78.980       36.4       31.8      3.982  0.386170  0.118875  0.328386  1.503271     12.815973
     58   1      4   1   3     8  0.451749      79.008       13.6       11.9      1.438  0.386066  0.118899  0.328505  1.502831     12.811024
     59   1      2   3   2     8  0.450199      79.487        0.0        0.0      0.000  0.384252  0.119311  0.330578  1.495257     12.726221
     60   1      3   2   3     8  0.449807      79.609      384.8      366.6     17.178  0.383793  0.119417  0.331106  1.493357     12.705091

   No.  Code     H   K   L  Mult     Hw         2theta      Icalc       Iobs      Sigma      HwG     HwL       ETA       d-hkl        CORR

     61   1      3   3   1     8  0.447593      80.295        9.0        8.4      0.564  0.381195  0.120018  0.334121  1.482727     12.587907
     62   1      3   0   4     4  0.447327      80.378       34.3       31.7      2.406  0.380882  0.120091  0.334487  1.481462      6.287042
     63   1      5   1   2     8  0.444240      81.339       63.2       64.3      1.346  0.377242  0.120952  0.338795  1.466949     12.417338
     64   1      0   2   4     4  0.443192      81.666       53.2       54.1      1.162  0.376002  0.121250  0.340283  1.462095      6.182845
     65   1      1   2   4     8  0.438511      83.136      263.8      252.2     10.981  0.370437  0.122619  0.347096  1.440830     12.144207
     66   1      3   1   4     8  0.435756      84.008        4.7        4.8      0.188  0.367140  0.123456  0.351241  1.428612     12.020596
     67   1      0   3   3     4  0.434129      84.526      120.4      109.0     10.133  0.365184  0.123962  0.353739  1.421492      5.974915
     68   1      6   0   0     2  0.432201      85.143       45.0       45.3      0.658  0.362858  0.124573  0.356748  1.413140      2.967016
     69   1      5   2   1     8  0.430574      85.666       97.7       97.5      0.709  0.360887  0.125099  0.359332  1.406160     11.800770
     70   1      1   3   3     8  0.429581      85.988      165.7      157.7      7.498  0.359679  0.125426  0.360931  1.401926     11.760425
     71   1      3   3   2     8  0.426996      86.829      187.0      179.0      7.583  0.356526  0.126294  0.365165  1.391012     11.658126
     72   1      6   0   1     4  0.425528      87.310        0.4        0.4      0.015  0.354725  0.126799  0.367621  1.384870      5.800826
     73   1      2   2   4     8  0.424887      87.522        2.3        2.2      0.067  0.353937  0.127023  0.368705  1.382203     11.577377
     74   1      1   0   5     4  0.422738      88.235      158.5      156.1      2.435  0.351283  0.127787  0.372396  1.373304      5.748769
     75   1      4   3   0     4  0.422316      88.376      400.5      400.1      1.242  0.350761  0.127939  0.373130  1.371567      5.741081
     76   1      5   0   3     4  0.421675      88.590       37.9       38.3      0.402  0.349965  0.128173  0.374254  1.368930      5.729477
     77   1      6   1   0     4  0.421217      88.744      220.1      223.4      3.437  0.349396  0.128341  0.375061  1.367050      5.721249
     78   1      4   2   3     8  0.417923      89.863       39.3       36.6      2.522  0.345277  0.129585  0.381000  1.353606     11.327282
     79   1      0   4   0     2  0.416833      90.239      481.6      458.1     22.012  0.343903  0.130011  0.383018  1.349181      2.822579
     80   1      2   3   3     8  0.416479      90.361        0.5        0.5      0.020  0.343456  0.130151  0.383679  1.347747     11.278440
     81   1      0   1   5     4  0.416441      90.374      134.1      128.2      5.550  0.343408  0.130166  0.383750  1.347594      5.638588
     82   1      4   3   1     8  0.415967      90.539        0.2        0.2      0.006  0.342809  0.130354  0.384641  1.345675     11.261374
     83   1      4   0   4     4  0.415733      90.620        6.3        6.2      0.063  0.342513  0.130448  0.385082  1.344729      5.626811
     84   1      6   1   1     8  0.414912      90.907      252.9      268.8     16.561  0.341470  0.130780  0.386643  1.341408     11.226581
     85   1      1   1   5     8  0.412306      91.831        0.1        0.1      0.015  0.338139  0.131864  0.391712  1.330889     11.142838
     86   1      5   2   2     8  0.411394      92.160        3.8        5.0      1.510  0.336964  0.132256  0.393531  1.327210     11.114255
     87   1      5   1   3     8  0.411319      92.187       58.9       77.4     23.919  0.336867  0.132289  0.393681  1.326907     11.111921
     88   1      2   0   5     4  0.410166      92.606       18.4       25.2      9.233  0.335375  0.132794  0.396016  1.322258      5.538188
     89   1      6   0   2     4  0.406955      93.803       50.4       50.8      0.839  0.331172  0.134269  0.402749  1.309264      5.490184
     90   1      1   4   1     8  0.406802      93.861        7.8        7.8      0.100  0.330970  0.134342  0.403079  1.308643     10.975900
     91   1      4   1   4     8  0.405866      94.220       35.9       35.0      0.908  0.329728  0.134794  0.405117  1.304832     10.948778
     92   1      3   2   4     8  0.404346      94.812      483.5      482.6      2.050  0.327698  0.135550  0.408499  1.298616     10.905524
     93   1      2   4   0     4  0.401216      96.077        2.8        2.7      0.085  0.323447  0.137206  0.415788  1.285645      5.409671
     94   1      2   1   5     8  0.400889      96.214      200.3      200.2      1.346  0.322996  0.137388  0.416579  1.284272     10.810553
     95   1      4   3   2     8  0.398941      97.046        0.0        0.0      0.000  0.320284  0.138513  0.421415  1.275995     10.759028
     96   1      6   1   2     8  0.398098      97.417        0.0        0.0      0.000  0.319094  0.139023  0.423581  1.272356     10.737172
     97   1      3   3   3     8  0.397539      97.668      249.9      258.0      8.256  0.318298  0.139371  0.425048  1.269916     10.722797
     98   1      2   4   1     8  0.396259      98.257        6.2        8.0      2.269  0.316455  0.140198  0.428495  1.264248     10.690306
     99   1      0   4   2     4  0.394864      98.927       37.3       43.3      6.816  0.314409  0.141153  0.432416  1.257912      5.327759
    100   1      6   2   0     4  0.393573      99.577      134.7      135.0      1.099  0.312474  0.142097  0.436226  1.251859      5.311931
    101   1      3   0   5     4  0.392882      99.939       17.6       17.6      0.309  0.311418  0.142632  0.438350  1.248525      5.303554
    102   1      1   4   2     8  0.392028     100.404       47.9       47.0      1.145  0.310089  0.143326  0.441071  1.244292     10.586556
    103   1      1   3   4     8  0.390649     101.203       63.8       68.6      5.130  0.307882  0.144538  0.445729  1.237141     10.553742
    104   1      6   2   1     8  0.389729     101.778        9.1        9.9      0.848  0.306354  0.145428  0.449069  1.232079     10.532019
    105   1      1   2   5     8  0.388359     102.723       58.1       57.8      0.480  0.303963  0.146924  0.454518  1.223912     10.499759
    106   1      5   2   3     8  0.387880     103.088      828.6      835.6      7.246  0.303083  0.147512  0.456603  1.220814     10.488457
    107   1      3   1   5     8  0.387243     103.613       78.5       80.7      2.321  0.301861  0.148370  0.459588  1.216397     10.473280
    108   1      5   3   1     8  0.387051     103.782        6.3        6.2      0.195  0.301478  0.148650  0.460545  1.214985     10.468665
    109   1      5   0   4     4  0.386959     103.866       18.2       16.9      1.129  0.301291  0.148788  0.461017  1.214289      5.233217
    110   1      6   0   3     4  0.386062     104.779       13.3       13.1      0.319  0.299351  0.150321  0.466107  1.206804      5.222141
    111   1      2   4   2     8  0.385972     104.885       32.8       32.9      0.561  0.299138  0.150502  0.466692  1.205945     10.441963
    112   1      4   2   4     8  0.385734     105.181       18.2       18.9      0.877  0.298555  0.151010  0.468319  1.203555     10.435759
    113   1      2   3   4     8  0.385376     105.698        2.7        4.4      2.743  0.297587  0.151907  0.471125  1.199431     10.425935
    114   1      3   4   1     8  0.385369     105.709        1.3        2.1      1.324  0.297567  0.151927  0.471186  1.199342     10.425735
    115   1      7   0   1     4  0.384977     106.476        2.1        2.8      0.906  0.296256  0.153285  0.475272  1.193318      5.206755
    116   1      2   2   5     8  0.384759     107.248      147.1      155.5      8.721  0.295093  0.154684  0.479280  1.187364     10.403992
    117   1      5   1   4     8  0.384721     107.603       54.4       60.3      6.461  0.294616  0.155337  0.481079  1.184671     10.400566
    118   1      4   3   3     8  0.384743     108.144       21.9       19.9      1.795  0.293959  0.156349  0.483773  1.180601     10.396476
    119   1      6   2   2     8  0.384813     108.504      116.3      118.3      2.301  0.293573  0.157029  0.485525  1.177929     10.394523
    120   1      6   1   3     8  0.384820     108.533        1.1        1.1      0.024  0.293544  0.157084  0.485662  1.177717     10.394393

   No.  Code     H   K   L  Mult     Hw         2theta      Icalc       Iobs      Sigma      HwG     HwL       ETA       d-hkl        CORR

    121   1      7   1   1     8  0.385829     110.265       24.1       23.9      0.362  0.292298  0.160475  0.493611  1.165174     10.393805
    122   1      4   0   5     4  0.386078     110.523      252.1      260.1      8.182  0.292204  0.160995  0.494718  1.163355      5.197468
    123   1      5   3   2     8  0.386135     110.578        2.3        2.4      0.060  0.292187  0.161107  0.494953  1.162965     10.395223
    124   1      0   0   6     2  0.386660     111.041       72.8       71.0      1.874  0.292090  0.162052  0.496878  1.159733      2.599544
    125   1      1   4   3     8  0.387529     111.675       94.7       92.5      2.325  0.292095  0.163373  0.499404  1.155356     10.403903
    126   1      3   4   2     8  0.389080     112.582      242.0      229.6     11.534  0.292391  0.165304  0.502759  1.149224     10.415462
    127   1      1   0   6     4  0.389135     112.610        6.5        6.1      0.345  0.292406  0.165365  0.502859  1.149034      5.207945
    128   1      7   0   2     4  0.390771     113.382      217.3      236.4     20.293  0.292953  0.167057  0.505460  1.143921      5.214505
    129   1      3   3   4     8  0.390891     113.434        1.9        2.1      0.181  0.292999  0.167172  0.505625  1.143583     10.429992
    130   1      4   4   0     4  0.393009     114.266       34.4       30.9      3.168  0.293921  0.169047  0.508136  1.138185      5.223828
    131   1      4   1   5     8  0.393425     114.415        0.7        0.7      0.058  0.294121  0.169388  0.508554  1.137232     10.451180
    132   1      3   2   5     8  0.395382     115.065       45.7       45.9      1.044  0.295127  0.170895  0.510262  1.133110     10.467868
    133   1      2   4   3     8  0.400396     116.463       51.5       55.7      4.468  0.298049  0.174250  0.513274  1.124462     10.511087
    134   1      1   1   6     8  0.400806     116.565        0.6        0.6      0.031  0.298305  0.174501  0.513456  1.123844     10.514632
    135   1      4   4   1     8  0.401200     116.662      324.4      332.4      8.215  0.298552  0.174739  0.513625  1.123258     10.518047
    136   1      7   1   2     8  0.404232     117.363      114.8      130.2     17.055  0.300509  0.176492  0.514710  1.119058     10.544254
    137   1      2   0   6     4  0.404559     117.435        4.5        5.2      0.701  0.300725  0.176674  0.514807  1.118632      5.273541
    138   1      6   3   0     4  0.410862     118.696      153.7      154.1      1.499  0.305051  0.179946  0.516087  1.111264      5.300692
    139   1      5   2   4     8  0.414758     119.386       87.8       97.7     10.701  0.307843  0.181797  0.516440  1.107332     10.634758
    140   1      6   2   3     8  0.421123     120.406       35.0       37.0      2.142  0.312549  0.184614  0.516505  1.101647     10.688958
    141   1      0   3   5     4  0.422228     120.572      140.8      145.0      4.438  0.313381  0.185081  0.516465  1.100737      5.349161
    142   1      6   3   1     8  0.426552     121.193       32.1       31.9      0.453  0.316672  0.186859  0.516185  1.097359     10.734860
    143   1      6   0   4     4  0.427240     121.288        0.6        0.7      0.012  0.317201  0.187135  0.516124  1.096846      5.370329
    144   1      2   1   6     8  0.429298     121.567      261.5      274.0     12.827  0.318788  0.187949  0.515919  1.095349     10.757969
    145   1      1   3   5     8  0.434820     122.279       15.7       16.1      0.349  0.323098  0.190064  0.515215  1.091577     10.804238
    146   1      7   2   1     8  0.435153     122.320      118.4      121.2      3.026  0.323360  0.190189  0.515166  1.091360     10.807022
    147   1      5   3   3     8  0.438277     122.700      136.4      144.3      8.188  0.325828  0.191342  0.514676  1.089377     10.833074
    148   1      4   4   2     8  0.451692     124.193       10.1        8.9      1.113  0.336608  0.196032  0.512057  1.081770     10.944163
    149   1      3   4   3     8  0.459143     124.943      221.9      197.8     20.959  0.342697  0.198488  0.510338  1.078059     11.005388
    150   1      4   3   4     8  0.461255     125.146       21.0       19.5      1.341  0.344433  0.199169  0.509826  1.077061     11.022689
    151   1      5   0   5     4  0.464033     125.409       64.1       64.1      0.595  0.346724  0.200054  0.509137  1.075783      5.522704
    152   1      6   1   4     8  0.466068     125.598        8.2        8.3      0.163  0.348407  0.200695  0.508623  1.074870     11.062031
    153   1      7   0   3     4  0.468790     125.847       96.1       97.6      1.687  0.350663  0.201545  0.507924  1.073677      5.542118
    154   1      3   0   6     4  0.470563     126.006       45.2       45.1      0.519  0.352136  0.202094  0.507462  1.072917      5.549339
    155   1      4   2   5     8  0.482020     126.986      238.6      254.1     16.150  0.361712  0.205555  0.504377  1.068298     11.191751
    156   1      0   5   1     4  0.486570     127.356       42.3       39.9      2.233  0.365538  0.206892  0.503114  1.066590      5.614292
    157   1      0   4   4     4  0.487855     127.458       19.1       17.1      1.769  0.366622  0.207267  0.502754  1.066119      5.619491
    158   1      0   2   6     4  0.489588     127.595        0.2        0.2      0.024  0.368083  0.207770  0.502267  1.065492      5.626494
    159   1      2   3   5     8  0.489813     127.613      139.5      116.7     18.613  0.368274  0.207835  0.502204  1.065411     11.254812
    160   1      8   0   0     2  0.506312     128.847      232.8      239.8      7.194  0.382271  0.212501  0.497489  1.059855      2.846952
    161   1      6   3   2     8  0.510404     129.137        0.1        0.2      0.005  0.385762  0.213630  0.496307  1.058578     11.420714
    162   1      1   5   1     8  0.511477     129.212        8.4        8.6      0.227  0.386678  0.213924  0.495996  1.058250     11.429333
    163   1      1   4   4     8  0.512992     129.317        3.9        3.9      0.067  0.387973  0.214338  0.495557  1.057790     11.441509
    164   1      1   2   6     8  0.515034     129.457      199.2      199.6      1.492  0.389720  0.214894  0.494965  1.057177     11.457910
    165   1      5   1   5     8  0.522434     129.954       28.1       26.4      1.597  0.396060  0.216889  0.492820  1.055026     11.517287
    166   1      7   2   2     8  0.529040     130.384      176.8      177.7      1.450  0.401736  0.218647  0.490906  1.053190     11.570244
    167   1      7   1   3     8  0.529597     130.419      120.6      121.4      1.122  0.402215  0.218794  0.490744  1.053039     11.574707
    168   1      3   1   6     8  0.532261     130.589       24.4       24.2      0.297  0.404509  0.219496  0.489974  1.052323     11.596053
    169   1      8   0   1     4  0.550243     131.682       34.4       29.7      4.033  0.420036  0.224155  0.484809  1.047771      5.869982
    170   1      2   5   0     4  0.557864     132.122      180.5      168.3     11.305  0.426640  0.226092  0.482647  1.045977      5.900450
    171   1      5   4   1     8  0.567368     132.653        1.2        1.1      0.097  0.434891  0.228480  0.479977  1.043840     11.876870
    172   1      8   1   0     4  0.585744     133.630        1.0        0.9      0.155  0.450890  0.233022  0.474914  1.039989      6.011870
    173   1      2   5   1     8  0.615861     135.110      222.7      207.2     14.149  0.477213  0.240285  0.466933  1.034356     12.264563
    174   1      2   4   4     8  0.618331     135.225        0.0        0.0      0.001  0.479378  0.240872  0.466297  1.033927     12.284338
    175   1      2   2   6     8  0.621662     135.380      141.3      130.4      9.941  0.482296  0.241662  0.465444  1.033355     12.310994
    176   1      8   1   1     8  0.651491     136.699        6.7        7.0      0.389  0.508478  0.248653  0.458038  1.028565     12.549992
    177   1      3   3   5     8  0.671201     137.514      324.3      317.7      6.834  0.525817  0.253201  0.453375  1.025692     12.708225
    178   1      1   5   2     8  0.688467     138.197       41.9       38.6      3.027  0.541026  0.257144  0.449438  1.023342     12.847058
    179   1      4   4   3     8  0.700451     138.654      240.4      241.2      2.768  0.551592  0.259862  0.446785  1.021793     12.943560
    180   1      4   0   6     4  0.737218     139.982        0.1        0.1      0.020  0.584047  0.268115  0.439035  1.017412      6.620176

   No.  Code     H   K   L  Mult     Hw         2theta      Icalc       Iobs      Sigma      HwG     HwL       ETA       d-hkl        CORR

    181   1      6   2   4     8  0.749070     140.388       13.0       15.5      2.995  0.594520  0.270751  0.436657  1.016107     13.336265
    182   1      8   0   2     4  0.770591     141.100       45.2       48.1      3.422  0.613549  0.275512  0.432482  1.013857      6.755368
    183   1      5   4   2     8  0.807750     142.261       56.0       53.8      2.944  0.646435  0.283664  0.425684  1.010294     13.812944
    184   1      5   3   4     8  0.852681     143.562        0.5        0.6      0.171  0.686237  0.293427  0.418103  1.006455     14.179945
    185   1      6   3   3     8  0.909877     145.077       27.7       26.2      1.496  0.736947  0.305737  0.409352  1.002181     14.649608
    186   1      2   5   2     8  0.917020     145.257      144.3      136.9      7.308  0.743283  0.307267  0.408324  1.001688     14.708459
    187   1      4   1   6     8  0.945638     145.956        5.1        4.6      0.419  0.768671  0.313381  0.404337  0.999800     14.944604
    188   1      5   2   5     8  0.953649     146.146      133.3      121.5     10.621  0.775779  0.315089  0.403257  0.999294     15.010826
    189   1      3   5   1     8  0.976595     146.677       80.9       78.0      2.831  0.796143  0.319971  0.400250  0.997895     15.200778
    190   1      7   2   3     8  0.981509     146.789       89.3       87.9      1.576  0.800504  0.321015  0.399622  0.997605     15.241515
    191   1      3   4   4     8  0.983143     146.826       16.3       16.1      0.201  0.801955  0.321362  0.399414  0.997509     15.255066
    192   1      3   2   6     8  0.992016     147.025      181.6      187.5      6.318  0.809830  0.323246  0.398297  0.996996     15.328656
    193   1      8   1   2     8  1.002067     147.247        6.0        6.5      0.462  0.818752  0.325377  0.397051  0.996426     15.412122
    194   1      7   3   1     8  1.039382     148.044       14.3       15.6      1.392  0.851880  0.333273  0.392614  0.994417     15.722546
    195   1      7   0   4     4  1.046829     148.198       40.1       43.7      3.971  0.858491  0.334846  0.391762  0.994035      7.892305
    196   1      6   0   5     4  1.098013     149.215       78.6       87.0      9.283  0.903943  0.345632  0.386183  0.991566      8.106128
    197   1      1   0   7     4  1.201235     151.071        0.0        0.0      0.007  0.995628  0.367283  0.376236  0.987295      8.539830
    198   1      8   2   0     4  1.223226     151.436      140.5      177.8     45.700  1.015164  0.371881  0.374314  0.986488      8.632639

     -----------------------------------------------------
     BRAGG R-Factors and weight fractions for Pattern #  1
     -----------------------------------------------------

 => Phase:  1      PbSO4                       VARY xyz b          BKG blue
 => Bragg R-factor:   4.12       Vol:  318.403( 0.010)  Fract(%):  100.00( 0.50)
 => Rf-factor=  2.70             ATZ:        1213.030   Brindley:  1.0000

     -----------------------------------------------------------------
      SYMBOLIC NAMES AND FINAL VALUES AND SIGMA OF REFINED PARAMETERS:
     -----------------------------------------------------------------

      ->  Parameter number    1 :       Scale_ph1_pat1     1.4807342    ( +/-    0.52676960E-02 )
      ->  Parameter number    2 :           Bck_0_pat1     207.87978    ( +/-    0.54726398     )
      ->  Parameter number    3 :           Bck_1_pat1     40.364994    ( +/-     1.9058558     )
      ->  Parameter number    4 :           Bck_2_pat1     44.013615    ( +/-     4.3515801     )
      ->  Parameter number    5 :           Bck_3_pat1    -20.712317    ( +/-     7.0423341     )
      ->  Parameter number    6 :           Bck_4_pat1    -39.304604    ( +/-     7.1162105     )
      ->  Parameter number    7 :           Bck_5_pat1     7.3525572    ( +/-     7.6888523     )
      ->  Parameter number    8 :            Zero_pat1   -0.87955125E-01( +/-    0.32774827E-02 )
      ->  Parameter number    9 :      Cell_A_ph1_pat1     8.4788437    ( +/-    0.15015170E-03 )
      ->  Parameter number   10 :      Cell_B_ph1_pat1     5.3967266    ( +/-    0.99005782E-04 )
      ->  Parameter number   11 :      Cell_C_ph1_pat1     6.9584017    ( +/-    0.12885196E-03 )
      ->  Parameter number   12 :      U-Cagl_ph1_pat1    0.15562147    ( +/-    0.33716625E-02 )
      ->  Parameter number   13 :      V-Cagl_ph1_pat1   -0.45592391    ( +/-    0.74466094E-02 )
      ->  Parameter number   14 :      W-Cagl_ph1_pat1    0.41910988    ( +/-    0.45329416E-02 )
      ->  Parameter number   15 :       Y-cos_ph1_pat1    0.91738582E-01( +/-    0.21614651E-02 )
      ->  Parameter number   16 :       Asym1_ph1_pat1    0.37392500    ( +/-    0.19135864E-01 )
      ->  Parameter number   17 :             X_Pb_ph1    0.18749239    ( +/-    0.97131298E-04 )
      ->  Parameter number   18 :             Z_Pb_ph1    0.16719115    ( +/-    0.15613754E-03 )
      ->  Parameter number   19 :              X_S_ph1    0.65410182E-01( +/-    0.29806449E-03 )
      ->  Parameter number   20 :              Z_S_ph1    0.68339843    ( +/-    0.39873281E-03 )
      ->  Parameter number   21 :             X_O1_ph1    0.90767163    ( +/-    0.19739593E-03 )
      ->  Parameter number   22 :             Z_O1_ph1    0.59528857    ( +/-    0.20926414E-03 )
      ->  Parameter number   23 :             X_O2_ph1    0.19376008    ( +/-    0.19511850E-03 )
      ->  Parameter number   24 :             Z_O2_ph1    0.54320937    ( +/-    0.24746856E-03 )
      ->  Parameter number   25 :             X_O3_ph1    0.81032395E-01( +/-    0.11737529E-03 )
      ->  Parameter number   26 :             Y_O3_ph1    0.27080042E-01( +/-    0.16284586E-03 )
      ->  Parameter number   27 :             Z_O3_ph1    0.80904740    ( +/-    0.14986514E-03 )
      ->  Parameter number   28 :          Biso_Pb_ph1     1.4162488    ( +/-    0.24660286E-01 )
      ->  Parameter number   29 :          Biso_O3_ph1     1.3214797    ( +/-    0.24481798E-01 )
      ->  Parameter number   30 :          Biso_O2_ph1     1.4712323    ( +/-    0.33274435E-01 )
      ->  Parameter number   31 :          Biso_O1_ph1     1.9874392    ( +/-    0.35207909E-01 )
      ->  Parameter number   32 :           Biso_S_ph1    0.41995052    ( +/-    0.44307008E-01 )
      ->  Parameter number   33 :       Asym2_ph1_pat1    0.37168071E-01( +/-    0.24260350E-02 )
      ->  Parameter number   34 :       Asym3_ph1_pat1   -0.32821000    ( +/-    0.40067740E-01 )

 ------------------------------------------------------------------
 => Number of bytes for floating point variables: 4
 => Dimensions of dynamic allocated arrays in this run of FullProf:
 ------------------------------------------------------------------

 => Total approximate array memory (dynamic + static): 128135225 bytes

    MaxPOINT=    60000 Max.num. of points(+int. Inten.)/diffraction pattern       
    MaxREFLT=    20000 Max.num. of reflections/diffraction pattern               
    MaxPARAM=      300 Max.num. of refinable parameters                          
    MaxOVERL=    18096 Max.num. of overlapping reflections                       

 ----------------------------------------------------------
 => Number of bytes for floating point arrays: 4
 => Dimensions of fixed arrays in this release of FullProf:
 ----------------------------------------------------------

    NPATT   =       80 Max.num. of powder diffraction patterns                    
    NATS    =      830 Max.num. of atoms (all kind) in asymmetric unit            
    MPAR    =     1800 Max.num. of non atomic parameters/phase                    
    IEXCL   =       30 Max.num. of excluded regions                               
    IBACP   =      377 Max.num. of background points for interpolation            
    NPHT    =       16 Max.num. of phases                                         
    NMAGM   =        8 Max.num. of rotation-matrices sets for magnetic structure  
    NBASIS  =       12 Max.num. of basis functions associated to a single atom    
    NIREPS  =        9 Max.num. of irreducible representations to be combined     
    N_EQ    =      384 Max.num. of user-supplied symmetry operators/propagation vectors
    NGL     =      400 Max.num. of global parameters/diffraction pattern          
    N_LINC  =       30 Max.num. of global linear restraints                        
    NAT_P   =       64 Max.num. of atomic parameters per atom                     
    NCONST  =      500 Max.num. of slack constraints per phase                    
    N_SPE   =       30 Max.num. of different chemical species                     
    N_FORM  =       60 Max.num. of scattering factor values in a table            
    NPR     =      150 Max.num. of points defining a numerical profile            
    INPR    =       25 Max.num. of different numerical peak shapes                
    NPRC    =      150 Max.num. of terms in the table for correcting intensities  
    NSOL    =       10 Max.num. of solutions to be stored in Montecarlo searchs   

 
              CPU Time:     0.275 seconds
                            0.005 minutes

 => Run finished at:     Date: 22/10/2019  Time: 21:11:43.493                              
